<?xml version="1.0" encoding="UTF-8"?>
<!-- Generated by org.testng.reporters.JUnitReportReporter -->
<testsuite hostname="DESKTOP-DQ5VT7O" failures="0" tests="1" name="TestCases.TS005_Validate_AddToCart_Functionality" time="39.402" errors="0" timestamp="2025-05-30T20:48:59 IST" skipped="0">
  <testcase classname="TestCases.TS005_Validate_AddToCart_Functionality" name="TC004_Verify_AddToCartByAddingProductFromHomePage" time="39.402"/>
</testsuite> <!-- TestCases.TS005_Validate_AddToCart_Functionality -->
