<?xml version="1.0" encoding="UTF-8"?>
<!-- Generated by org.testng.reporters.JUnitReportReporter -->
<testsuite hostname="DESKTOP-DQ5VT7O" failures="1" tests="10" name="TestCases.TS001_Validate_Register_Functionality" time="92.809" errors="0" timestamp="2025-05-31T19:58:13 IST" skipped="0">
  <testcase classname="TestCases.TS001_Validate_Register_Functionality" name="TC001_Verify_RegisterWithAllFields" time="9.973"/>
  <testcase classname="TestCases.TS001_Validate_Register_Functionality" name="TC003_Verify_RegisterWithMissingMandetoryField" time="11.053"/>
  <testcase classname="TestCases.TS001_Validate_Register_Functionality" name="TC004_Verify_AllWarningMessages" time="7.513"/>
  <testcase classname="TestCases.TS001_Validate_Register_Functionality" name="TC005_Verify_ByProvidingInvalidEmail" time="7.931"/>
  <testcase classname="TestCases.TS001_Validate_Register_Functionality" name="TC006_Verify_ByProvidingInvalidTelephone" time="9.034"/>
  <testcase classname="TestCases.TS001_Validate_Register_Functionality" name="TC007_Verify_ByProvidingAlphanumericTelephone" time="10.821">
    <failure message="Telephone Number Should not be Alphanumeric" type="java.lang.AssertionError">
      <![CDATA[java.lang.AssertionError: Telephone Number Should not be Alphanumeric
at org.testng.Assert.fail(Assert.java:111)
at TestCases.TS001_Validate_Register_Functionality.TC007_Verify_ByProvidingAlphanumericTelephone(TS001_Validate_Register_Functionality.java:202)
at java.base/jdk.internal.reflect.DirectMethodHandleAccessor.invoke(DirectMethodHandleAccessor.java:103)
at java.base/java.lang.reflect.Method.invoke(Method.java:580)
at org.testng.internal.invokers.MethodInvocationHelper.invokeMethod(MethodInvocationHelper.java:141)
at org.testng.internal.invokers.TestInvoker.invokeMethod(TestInvoker.java:687)
at org.testng.internal.invokers.TestInvoker.invokeTestMethod(TestInvoker.java:230)
at org.testng.internal.invokers.MethodRunner.runInSequence(MethodRunner.java:63)
at org.testng.internal.invokers.TestInvoker$MethodInvocationAgent.invoke(TestInvoker.java:995)
at org.testng.internal.invokers.TestInvoker.invokeTestMethods(TestInvoker.java:203)
at org.testng.internal.invokers.TestMethodWorker.invokeTestMethods(TestMethodWorker.java:154)
at org.testng.internal.invokers.TestMethodWorker.run(TestMethodWorker.java:134)
at java.base/java.util.ArrayList.forEach(ArrayList.java:1596)
at org.testng.TestRunner.privateRun(TestRunner.java:741)
at org.testng.TestRunner.run(TestRunner.java:616)
at org.testng.SuiteRunner.runTest(SuiteRunner.java:421)
at org.testng.SuiteRunner.runSequentially(SuiteRunner.java:413)
at org.testng.SuiteRunner.privateRun(SuiteRunner.java:373)
at org.testng.SuiteRunner.run(SuiteRunner.java:312)
at org.testng.SuiteRunnerWorker.runSuite(SuiteRunnerWorker.java:52)
at org.testng.SuiteRunnerWorker.run(SuiteRunnerWorker.java:95)
at org.testng.TestNG.runSuitesSequentially(TestNG.java:1274)
at org.testng.TestNG.runSuitesLocally(TestNG.java:1208)
at org.testng.TestNG.runSuites(TestNG.java:1112)
at org.testng.TestNG.run(TestNG.java:1079)
at org.testng.remote.AbstractRemoteTestNG.run(AbstractRemoteTestNG.java:115)
at org.testng.remote.RemoteTestNG.initAndRun(RemoteTestNG.java:293)
at org.testng.remote.RemoteTestNG.main(RemoteTestNG.java:91)
]]>
    </failure>
  </testcase> <!-- TC007_Verify_ByProvidingAlphanumericTelephone -->
  <testcase classname="TestCases.TS001_Validate_Register_Functionality" name="TC008_Verify_UnSubribingNewsLetter" time="10.035"/>
  <testcase classname="TestCases.TS001_Validate_Register_Functionality" name="TC009_Verify_SubribingNewsLetter" time="9.481"/>
  <testcase classname="TestCases.TS001_Validate_Register_Functionality" name="TC010_Verify_ByUncheckingTerms" time="8.393"/>
  <testcase classname="TestCases.TS001_Validate_Register_Functionality" name="TC011_Verify_ByProvidingDifferentPassInConfirmField" time="8.575"/>
</testsuite> <!-- TestCases.TS001_Validate_Register_Functionality -->
