<?xml version="1.0" encoding="UTF-8"?>
<!-- Generated by org.testng.reporters.JUnitReportReporter -->
<testsuite hostname="DESKTOP-DQ5VT7O" failures="1" tests="3" name="TestCases.TS003_Validate_Logout_Functionality" time="27.992" errors="0" timestamp="2025-05-31T18:53:23 IST" skipped="0">
  <testcase classname="TestCases.TS003_Validate_Logout_Functionality" name="TC001_Verify_LogoutThroughMyAccount" time="9.470"/>
  <testcase classname="TestCases.TS003_Validate_Logout_Functionality" name="TC002_Verify_LogoutThroughRightSidePanel" time="7.666"/>
  <testcase classname="TestCases.TS003_Validate_Logout_Functionality" name="TC003_Verify_LogoutAndBrowsingBack" time="10.856">
    <failure message="User Should navigate to Login Page" type="java.lang.AssertionError">
      <![CDATA[java.lang.AssertionError: User Should navigate to Login Page
at org.testng.Assert.fail(Assert.java:111)
at TestCases.TS003_Validate_Logout_Functionality.TC003_Verify_LogoutAndBrowsingBack(TS003_Validate_Logout_Functionality.java:73)
at java.base/jdk.internal.reflect.DirectMethodHandleAccessor.invoke(DirectMethodHandleAccessor.java:103)
at java.base/java.lang.reflect.Method.invoke(Method.java:580)
at org.testng.internal.invokers.MethodInvocationHelper.invokeMethod(MethodInvocationHelper.java:141)
at org.testng.internal.invokers.TestInvoker.invokeMethod(TestInvoker.java:687)
at org.testng.internal.invokers.TestInvoker.invokeTestMethod(TestInvoker.java:230)
at org.testng.internal.invokers.MethodRunner.runInSequence(MethodRunner.java:63)
at org.testng.internal.invokers.TestInvoker$MethodInvocationAgent.invoke(TestInvoker.java:995)
at org.testng.internal.invokers.TestInvoker.invokeTestMethods(TestInvoker.java:203)
at org.testng.internal.invokers.TestMethodWorker.invokeTestMethods(TestMethodWorker.java:154)
at org.testng.internal.invokers.TestMethodWorker.run(TestMethodWorker.java:134)
at java.base/java.util.concurrent.Executors$RunnableAdapter.call(Executors.java:572)
at java.base/java.util.concurrent.FutureTask.run(FutureTask.java:317)
at org.testng.internal.thread.graph.TestNGFutureTask.run(TestNGFutureTask.java:22)
at java.base/java.util.concurrent.ThreadPoolExecutor.runWorker(ThreadPoolExecutor.java:1144)
at java.base/java.util.concurrent.ThreadPoolExecutor$Worker.run(ThreadPoolExecutor.java:642)
at java.base/java.lang.Thread.run(Thread.java:1583)
]]>
    </failure>
  </testcase> <!-- TC003_Verify_LogoutAndBrowsingBack -->
</testsuite> <!-- TestCases.TS003_Validate_Logout_Functionality -->
