<?xml version="1.0" encoding="UTF-8"?>
<!-- Generated by org.testng.reporters.JUnitReportReporter -->
<testsuite hostname="DESKTOP-DQ5VT7O" failures="0" tests="1" name="TestCases.TS006_Validate_ShoppingCart_Functionality" time="14.436" errors="0" timestamp="2025-05-31T13:35:19 IST" skipped="0">
  <testcase classname="TestCases.TS006_Validate_ShoppingCart_Functionality" name="TC008_Verify_ShoppingCartByUpdatingQuantityByProvidingZero" time="14.436"/>
</testsuite> <!-- TestCases.TS006_Validate_ShoppingCart_Functionality -->
