<?xml version="1.0" encoding="UTF-8"?>
<!-- Generated by org.testng.reporters.JUnitReportReporter -->
<testsuite hostname="DESKTOP-DQ5VT7O" failures="0" tests="1" name="TestCases.TS001_RegisterTests" time="44.625" errors="0" timestamp="2025-05-27T23:25:23 IST" skipped="0">
  <testcase classname="TestCases.TS001_RegisterTests" name="TC010_Verify_ByProvidingDifferentPassInConfirmField" time="44.625"/>
</testsuite> <!-- TestCases.TS001_RegisterTests -->
