<?xml version="1.0" encoding="UTF-8"?>
<!-- Generated by org.testng.reporters.JUnitReportReporter -->
<testsuite hostname="DESKTOP-DQ5VT7O" failures="0" tests="1" name="TestCases.TS004_SearchProduct" time="16.844" errors="0" timestamp="2025-05-30T17:30:28 IST" skipped="0">
  <testcase classname="TestCases.TS004_SearchProduct" name="TC012_Verify_SearchBySelectingProduct" time="16.844"/>
</testsuite> <!-- TestCases.TS004_SearchProduct -->
